<?xml version="1.0" encoding="UTF-8"?>
<!-- Generated by org.testng.reporters.JUnitReportReporter -->
<testsuite skipped="0" hostname="K" name="testcases.LoginTest" tests="1" failures="0" timestamp="04 Oct 2018 01:39:09 GMT" time="28.315" errors="0">
  <testcase name="loginTest" time="28.315" classname="testcases.LoginTest"/>
</testsuite> <!-- testcases.LoginTest -->
