<?xml version="1.0" encoding="UTF-8"?>
<!-- Generated by org.testng.reporters.JUnitReportReporter -->
<testsuite skipped="0" hostname="K" name="testcases.TestAddFile" tests="1" failures="0" timestamp="04 Oct 2018 01:39:09 GMT" time="23.230" errors="0">
  <testcase name="testAddfile" time="23.230" classname="testcases.TestAddFile"/>
</testsuite> <!-- testcases.TestAddFile -->
